Start testing: Mar 28 22:58 CST
----------------------------------------------------------
1/4 Testing: cpp_force_control
1/4 Test: cpp_force_control
Command: "/home/chen/gui-main/cpp_robot_core/build/test_force_control"
Directory: /home/chen/gui-main/cpp_robot_core/build
"cpp_force_control" start time: Mar 28 22:58 CST
Output:
----------------------------------------------------------
Testing Force Control Safety System...
✓ Force limits loaded from configs/force_control.json
[IMPEDANCE] Configured stiffness: [1500, 1500, 20, 100, 100, 100]
✓ Impedance configured successfully
[IMPEDANCE] Set desired contact force: 10N
✓ Desired contact force set to configured downward pressure
[IMPEDANCE] Set desired wrench: [1, -2, -8, 0.1, 0.2, 0.3]
✓ Desired wrench API writes to the shared impedance state
[SAFETY] Emergency state reset - manual inspection required
✓ Force circuit breaker check with safe forces: OK
[SAFETY] Emergency state reset - manual inspection required
[EMERGENCY] Z-axis force exceeded limit: 40N > 35N
✓ Force circuit breaker check with excessive Z force: TRIPPED (expected)
[SAFETY] Emergency state reset - manual inspection required
[EMERGENCY] XY lateral force exceeded limit: 25.4951N > 20N
✓ Force circuit breaker check with excessive X force: TRIPPED (expected)
Force Control Safety System test completed successfully!
<end of output>
Test time =   0.00 sec
----------------------------------------------------------
Test Passed.
"cpp_force_control" end time: Mar 28 22:58 CST
"cpp_force_control" time elapsed: 00:00:00
----------------------------------------------------------

2/4 Testing: cpp_impedance_scan
2/4 Test: cpp_impedance_scan
Command: "/home/chen/gui-main/cpp_robot_core/build/test_impedance_scan"
Directory: /home/chen/gui-main/cpp_robot_core/build
"cpp_impedance_scan" start time: Mar 28 22:58 CST
Output:
----------------------------------------------------------
Testing Impedance Scan Controller...
✓ ImpedanceScanController created successfully
✓ Impedance mode preparation completed
✓ Safety limits: MAX_Z_FORCE_N = 35 N
✓ Controller ready for medical ultrasound scanning
<end of output>
Test time =   0.00 sec
----------------------------------------------------------
Test Passed.
"cpp_impedance_scan" end time: Mar 28 22:58 CST
"cpp_impedance_scan" time elapsed: 00:00:00
----------------------------------------------------------

3/4 Testing: cpp_protocol_bridge
3/4 Test: cpp_protocol_bridge
Command: "/home/chen/gui-main/cpp_robot_core/build/test_protocol_bridge"
Directory: /home/chen/gui-main/cpp_robot_core/build
"cpp_protocol_bridge" start time: Mar 28 22:58 CST
Output:
----------------------------------------------------------
Protocol bridge smoke test passed.
[IMPEDANCE] Impedance control deactivated
<end of output>
Test time =   0.00 sec
----------------------------------------------------------
Test Passed.
"cpp_protocol_bridge" end time: Mar 28 22:58 CST
"cpp_protocol_bridge" time elapsed: 00:00:00
----------------------------------------------------------

4/4 Testing: cpp_recovery_manager
4/4 Test: cpp_recovery_manager
Command: "/home/chen/gui-main/cpp_robot_core/build/test_recovery_manager"
Directory: /home/chen/gui-main/cpp_robot_core/build
"cpp_recovery_manager" start time: Mar 28 22:58 CST
Output:
----------------------------------------------------------
RecoveryManager: Retry attempt 1/3
RecoveryManager: Retry attempt 2/3
RecoveryManager: Retry succeeded on attempt 2
Recovery manager smoke test passed.
<end of output>
Test time =   0.02 sec
----------------------------------------------------------
Test Passed.
"cpp_recovery_manager" end time: Mar 28 22:58 CST
"cpp_recovery_manager" time elapsed: 00:00:00
----------------------------------------------------------

End testing: Mar 28 22:58 CST
